{"name": "test_authorizationError", "status": "failed", "statusDetails": {"message": "AssertionError: assert 'Loogin' == ''\n  \n  + Loogin", "trace": "browser = <selenium.webdriver.chrome.webdriver.WebDriver (session=\"d01b24e79d006500b3bc1a78c774f542\")>\n\n    @allure.feature('Registration')\n    @allure.story('Registartion to the system')\n    def test_authorizationError(browser):\n        with allure.step('Open browser'):\n            authorization_page = AuthorizationPage(browser)\n        with allure.step('Open browser'):\n            authorization_page.open()\n        with allure.step('Check the text'):\n>           assert \"Loogin\" == authorization_page.login_button().text\nE           AssertionError: assert 'Loogin' == ''\nE             \nE             + Loogin\n\ntests\\test_authorization.py:33: AssertionError"}, "steps": [{"name": "Open browser", "status": "passed", "start": 1713458499508, "stop": 1713458499508}, {"name": "Open browser", "status": "passed", "start": 1713458499508, "stop": 1713458500310}, {"name": "Check the text", "status": "failed", "statusDetails": {"message": "AssertionError: assert 'Loogin' == ''\n  \n  + Loogin\n", "trace": "  File \"C:\\Users\\NurabaevaG\\PycharmProjects\\pythonAllure\\tests\\test_authorization.py\", line 33, in test_authorizationError\n    assert \"Loogin\" == authorization_page.login_button().text\n"}, "start": 1713458500310, "stop": 1713458500341}], "start": 1713458499508, "stop": 1713458500341, "uuid": "921bbb64-ea18-4730-9dac-6f4963ec6409", "historyId": "341ec5cc1773cbcb03661d582397730c", "testCaseId": "341ec5cc1773cbcb03661d582397730c", "fullName": "tests.test_authorization#test_authorizationError", "labels": [{"name": "feature", "value": "Registration"}, {"name": "story", "value": "Registartion to the system"}, {"name": "parentSuite", "value": "tests"}, {"name": "suite", "value": "test_authorization"}, {"name": "host", "value": "601-10ssd"}, {"name": "thread", "value": "13964-MainThread"}, {"name": "framework", "value": "pytest"}, {"name": "language", "value": "cpython3"}, {"name": "package", "value": "tests.test_authorization"}]}